<?xml version="1.0" encoding="UTF-8" ?>
<testsuite failures="0" time="0.076" errors="0" skipped="0" tests="10" name="com.itree.dao.impl.UserRoleDaoImplTest">
  <properties>
    <property name="java.runtime.name" value="Java(TM) SE Runtime Environment"/>
    <property name="sun.boot.library.path" value="D:\mytools\Java\jdk1.7.0_01\jre\bin"/>
    <property name="java.vm.version" value="21.1-b02"/>
    <property name="java.vm.vendor" value="Oracle Corporation"/>
    <property name="java.vendor.url" value="http://java.oracle.com/"/>
    <property name="path.separator" value=";"/>
    <property name="guice.disable.misplaced.annotation.check" value="true"/>
    <property name="java.vm.name" value="Java HotSpot(TM) 64-Bit Server VM"/>
    <property name="file.encoding.pkg" value="sun.io"/>
    <property name="user.script" value=""/>
    <property name="user.country" value="CN"/>
    <property name="sun.java.launcher" value="SUN_STANDARD"/>
    <property name="sun.os.patch.level" value=""/>
    <property name="java.vm.specification.name" value="Java Virtual Machine Specification"/>
    <property name="user.dir" value="E:\DevelopmentDocument\Service\lxh\iTreePermissionService"/>
    <property name="java.runtime.version" value="1.7.0_01-b08"/>
    <property name="java.awt.graphicsenv" value="sun.awt.Win32GraphicsEnvironment"/>
    <property name="java.endorsed.dirs" value="D:\mytools\Java\jdk1.7.0_01\jre\lib\endorsed"/>
    <property name="os.arch" value="amd64"/>
    <property name="java.io.tmpdir" value="C:\Users\李晓欢\AppData\Local\Temp\"/>
    <property name="line.separator" value="
"/>
    <property name="java.vm.specification.vendor" value="Oracle Corporation"/>
    <property name="user.variant" value=""/>
    <property name="os.name" value="Windows NT (unknown)"/>
    <property name="classworlds.conf" value="E:\myWork\spring\restful\.metadata\.plugins\org.eclipse.m2e.launching\launches\m2conf8795279005440244534.tmp"/>
    <property name="sun.jnu.encoding" value="GBK"/>
    <property name="java.library.path" value="D:\mytools\Java\jdk1.7.0_01\bin;C:\Windows\Sun\Java\bin;C:\Windows\system32;C:\Windows;D:/mytools/Java/jdk1.7.0_01//bin/../jre/bin/server;D:/mytools/Java/jdk1.7.0_01//bin/../jre/bin;D:/mytools/Java/jdk1.7.0_01//bin/../jre/lib/amd64;D:\xiaohuan\product\11.2.0\dbhome_1\bin;D:\mytools\Java\jdk1.7.0_01\/bin;D:\mytools\eclipse\apache-tomcat-6.0.32\bin;C:\Windows\system32;C:\Windows;C:\Windows\System32\Wbem;C:\Windows\System32\WindowsPowerShell\v1.0\;C:\Program Files (x86)\Microsoft SQL Server\90\Tools\binn\;D:\mytools\mysql\bin;D:\mytools\svn\bin;D:\mytools\sts-bundle\sts-3.6.4.RELEASE;;."/>
    <property name="java.specification.name" value="Java Platform API Specification"/>
    <property name="java.class.version" value="51.0"/>
    <property name="sun.management.compiler" value="HotSpot 64-Bit Tiered Compilers"/>
    <property name="os.version" value="6.2"/>
    <property name="user.home" value="C:\Users\李晓欢"/>
    <property name="user.timezone" value="Asia/Shanghai"/>
    <property name="java.awt.printerjob" value="sun.awt.windows.WPrinterJob"/>
    <property name="java.specification.version" value="1.7"/>
    <property name="file.encoding" value="GBK"/>
    <property name="user.name" value="李晓欢"/>
    <property name="java.class.path" value="/D:/mytools/sts-bundle/sts-3.6.4.RELEASE/plugins/org.eclipse.m2e.maven.runtime_1.5.1.20150109-1819/jars/plexus-classworlds-2.5.1.jar"/>
    <property name="org.slf4j.simpleLogger.defaultLogLevel" value="info"/>
    <property name="java.vm.specification.version" value="1.7"/>
    <property name="sun.arch.data.model" value="64"/>
    <property name="java.home" value="D:\mytools\Java\jdk1.7.0_01\jre"/>
    <property name="sun.java.command" value="org.codehaus.plexus.classworlds.launcher.Launcher -B install"/>
    <property name="java.specification.vendor" value="Oracle Corporation"/>
    <property name="user.language" value="zh"/>
    <property name="awt.toolkit" value="sun.awt.windows.WToolkit"/>
    <property name="java.vm.info" value="mixed mode"/>
    <property name="java.version" value="1.7.0_01"/>
    <property name="java.ext.dirs" value="D:\mytools\Java\jdk1.7.0_01\jre\lib\ext;C:\Windows\Sun\Java\lib\ext"/>
    <property name="sun.boot.class.path" value="D:\mytools\Java\jdk1.7.0_01\jre\lib\resources.jar;D:\mytools\Java\jdk1.7.0_01\jre\lib\rt.jar;D:\mytools\Java\jdk1.7.0_01\jre\lib\sunrsasign.jar;D:\mytools\Java\jdk1.7.0_01\jre\lib\jsse.jar;D:\mytools\Java\jdk1.7.0_01\jre\lib\jce.jar;D:\mytools\Java\jdk1.7.0_01\jre\lib\charsets.jar;D:\mytools\Java\jdk1.7.0_01\jre\classes"/>
    <property name="java.vendor" value="Oracle Corporation"/>
    <property name="maven.home" value="E:\DevelopmentDocument\Service\lxh\iTreePermissionService\EMBEDDED"/>
    <property name="file.separator" value="\"/>
    <property name="java.vendor.url.bug" value="http://bugreport.sun.com/bugreport/"/>
    <property name="sun.cpu.endian" value="little"/>
    <property name="sun.io.unicode.encoding" value="UnicodeLittle"/>
    <property name="sun.desktop" value="windows"/>
    <property name="sun.cpu.isalist" value="amd64"/>
  </properties>
  <testcase time="0" classname="com.itree.dao.impl.UserRoleDaoImplTest" name="testFindUserRIds2"/>
  <testcase time="0.003" classname="com.itree.dao.impl.UserRoleDaoImplTest" name="testDeleteByUId"/>
  <testcase time="0.001" classname="com.itree.dao.impl.UserRoleDaoImplTest" name="testAdd"/>
  <testcase time="0.028" classname="com.itree.dao.impl.UserRoleDaoImplTest" name="testAdd2"/>
  <testcase time="0.006" classname="com.itree.dao.impl.UserRoleDaoImplTest" name="testFindByUId2"/>
  <testcase time="0.027" classname="com.itree.dao.impl.UserRoleDaoImplTest" name="testUpdate2"/>
  <testcase time="0.003" classname="com.itree.dao.impl.UserRoleDaoImplTest" name="testDeleteByUId2"/>
  <testcase time="0.003" classname="com.itree.dao.impl.UserRoleDaoImplTest" name="testFindUserRIds"/>
  <testcase time="0.003" classname="com.itree.dao.impl.UserRoleDaoImplTest" name="testFindByUId"/>
  <testcase time="0.002" classname="com.itree.dao.impl.UserRoleDaoImplTest" name="testUpdate"/>
</testsuite>